AppUser更新日志记录
================================================
V2.3.3.2331 更新日志：
1,更换域名为lrapps.cn；

================================================
V2.3.1.2318 更新日志：
1,修复安卓7.1.2下无法打开悬浮窗功能；
2,修复CM新系统名称lineage无法显示CM命令；
3,修复MIUI系统无法显示最近应用程序；

V2.3.1.2313 更新日志：
1,重新设计数据库；
2,优化代码；

V2.2.3.2233 更新日志：
1,增加主界面选择应用的类型；
2,增加主界面的设置菜单图标；
3,去掉未root命令；

================================================
V2.2.2.2220 更新日志：
1,调整部分资源文件；
2,安装新软件时提示是否禁用;

================================================
V2.1.5.4 更新日志：
1，修复打开备份界面停止运行的BUG；

================================================
V2.1.5.3 更新日志：
1，增加CM去掉感叹号的功能；

================================================
V2.1.5.1 更新日志：
1，修复禁用程序添加桌面快捷方式的错误问题；
2，6.x以上权限提示优化，更人性化的提示；

================================================
V2.1.5 更新日志：
1，适配Android M(6.x)以上系统；
2，平板系统图标居中的问题；
3，悬浮球相关优化；
================================================
V2.1.4.4 更新日志：
1，缩短上划的距离；
2，修复横屏后再恢复竖屏app列表不恢复的bug；

================================================
V2.1.4.2 更新日志：
1，底部上划调出正在运行的程序及启动的黑名单，点击可以快速切换应用，长按可调出菜单，可选择启动、关闭、禁用、卸载程序；

================================================
V2.1.4.1 更新日志：
1，修复登录；
2，修复服务器备份不能删除的BUG；
3，更改下载更新程序的位置；

================================================
V2.1.4 更新日志：
1，添加悬浮按钮/底部向上滑动/右侧向左滑动，可快速开启/禁用应用；
2，浏览器增加又好的错误提示页面；
3，增加开机启动项目，可以选择是否开机启动；

================================================
V2.1.3.2 更新日志：
1，状态栏加入关闭/启动开关；

================================================
V2.1.3.1 更新日志：
1，网页允许用户使用外部浏览器打开；
2，解决webview播放视频全屏的问题；
3，解决webview选择文件的问题；

================================================
V2.1.3 更新日志：
1，更换新的LOGO和启动画面，更符合程序风格；
2，添加页面左侧滑动返回；
3，浏览器增加下拉刷新；
4，修复LOG日志上传失败的问题；
5，增加使用教程，会不定期更新视频教程如何玩转LR启动器；
6，其他一些UI的调整；
推荐旧版本更新到此版本!

================================================
V2.1.1 更新日志：
1，增加桌面Widget；

================================================
V2.1.0 更新日志：
1，新增账号管理，可登陆后云端同步配置和应用信息；
2，主界面侧栏加入已启用的黑名单，可已点击禁用或长按启动；
3，修正恢复应用信息出错的BUG；
4，添加意见反馈；
5，界面美化及调整；
6，其他稳定性修正；

================================================
V2.0.0 更新日志：
1，新增创建程序桌面图标，即使程序被禁用状态也可以快速启动：
2，新增桌面图标一键禁用功能，方便关闭所有已打开的禁用程序；
3，程序启动速度优化；
4，其他bug修复；

================================================
V1.1.0 更新日志：
1，更换主题为material design

V1.0.1 20150911更新日志：
1，增加错误处理类：LogcatTools，使之能记录App运行过程中的日志
使用方法：建议在Application继承类中的onCreate启动，在onTerminate停止，这样就能记录App启动到结束的所有日志；
2，增加网络操作类HtpTools，使之能与服务器通讯
3，增加Jni相关类
使用方法：增加INativeInterfacel类，然后编写jni下相关函数
注意：编译出来的so文件名在build.gradle里面设置，在jin的Android.mk文件中指定无效；

================================================
20160229 记录:
改进问题：
1，程序可以创建桌面图标，便于快速启动：
2，增加白名单，当没有黑名单运行的时候显示白名单内容；
3，限制黑名单启动的数量，保证程序的流畅性；

